十一月 01, 2018 10:46:27 上午 org.apache.catalina.startup.VersionLoggerListener log
信息: Server version:        Apache Tomcat/7.0.91
十一月 01, 2018 10:46:27 上午 org.apache.catalina.startup.VersionLoggerListener log
信息: Server built:          Sep 13 2018 19:52:12 UTC
十一月 01, 2018 10:46:27 上午 org.apache.catalina.startup.VersionLoggerListener log
信息: Server number:         7.0.91.0
十一月 01, 2018 10:46:27 上午 org.apache.catalina.startup.VersionLoggerListener log
信息: OS Name:               Windows 10
十一月 01, 2018 10:46:27 上午 org.apache.catalina.startup.VersionLoggerListener log
信息: OS Version:            10.0
十一月 01, 2018 10:46:27 上午 org.apache.catalina.startup.VersionLoggerListener log
信息: Architecture:          amd64
十一月 01, 2018 10:46:27 上午 org.apache.catalina.startup.VersionLoggerListener log
信息: Java Home:             C:\Program Files\Java\jre1.8.0_191
十一月 01, 2018 10:46:27 上午 org.apache.catalina.startup.VersionLoggerListener log
信息: JVM Version:           1.8.0_191-b12
十一月 01, 2018 10:46:27 上午 org.apache.catalina.startup.VersionLoggerListener log
信息: JVM Vendor:            Oracle Corporation
十一月 01, 2018 10:46:27 上午 org.apache.catalina.startup.VersionLoggerListener log
信息: CATALINA_BASE:         C:\Users\Administrator\Desktop\apache-tomcat-7.0.91-windows-x64\apache-tomcat-7.0.91
十一月 01, 2018 10:46:27 上午 org.apache.catalina.startup.VersionLoggerListener log
信息: CATALINA_HOME:         C:\Users\Administrator\Desktop\apache-tomcat-7.0.91-windows-x64\apache-tomcat-7.0.91
十一月 01, 2018 10:46:27 上午 org.apache.catalina.startup.VersionLoggerListener log
信息: Command line argument: -Djava.util.logging.config.file=C:\Users\Administrator\Desktop\apache-tomcat-7.0.91-windows-x64\apache-tomcat-7.0.91\conf\logging.properties
十一月 01, 2018 10:46:27 上午 org.apache.catalina.startup.VersionLoggerListener log
信息: Command line argument: -Djava.util.logging.manager=org.apache.juli.ClassLoaderLogManager
十一月 01, 2018 10:46:27 上午 org.apache.catalina.startup.VersionLoggerListener log
信息: Command line argument: -Djdk.tls.ephemeralDHKeySize=2048
十一月 01, 2018 10:46:27 上午 org.apache.catalina.startup.VersionLoggerListener log
信息: Command line argument: -Dignore.endorsed.dirs=
十一月 01, 2018 10:46:27 上午 org.apache.catalina.startup.VersionLoggerListener log
信息: Command line argument: -Dcatalina.base=C:\Users\Administrator\Desktop\apache-tomcat-7.0.91-windows-x64\apache-tomcat-7.0.91
十一月 01, 2018 10:46:27 上午 org.apache.catalina.startup.VersionLoggerListener log
信息: Command line argument: -Dcatalina.home=C:\Users\Administrator\Desktop\apache-tomcat-7.0.91-windows-x64\apache-tomcat-7.0.91
十一月 01, 2018 10:46:27 上午 org.apache.catalina.startup.VersionLoggerListener log
信息: Command line argument: -Djava.io.tmpdir=C:\Users\Administrator\Desktop\apache-tomcat-7.0.91-windows-x64\apache-tomcat-7.0.91\temp
十一月 01, 2018 10:46:27 上午 org.apache.catalina.core.AprLifecycleListener lifecycleEvent
信息: Loaded APR based Apache Tomcat Native library 1.2.17 using APR version 1.6.3.
十一月 01, 2018 10:46:27 上午 org.apache.catalina.core.AprLifecycleListener lifecycleEvent
信息: APR capabilities: IPv6 [true], sendfile [true], accept filters [false], random [true].
十一月 01, 2018 10:46:27 上午 org.apache.catalina.core.AprLifecycleListener initializeSSL
信息: OpenSSL successfully initialized (OpenSSL 1.0.2o  27 Mar 2018)
十一月 01, 2018 10:46:28 上午 org.apache.coyote.AbstractProtocol init
信息: Initializing ProtocolHandler ["http-apr-8080"]
十一月 01, 2018 10:46:28 上午 org.apache.coyote.AbstractProtocol init
信息: Initializing ProtocolHandler ["ajp-apr-8009"]
十一月 01, 2018 10:46:28 上午 org.apache.catalina.startup.Catalina load
信息: Initialization processed in 927 ms
十一月 01, 2018 10:46:28 上午 org.apache.catalina.core.StandardService startInternal
信息: Starting service Catalina
十一月 01, 2018 10:46:28 上午 org.apache.catalina.core.StandardEngine startInternal
信息: Starting Servlet Engine: Apache Tomcat/7.0.91
十一月 01, 2018 10:46:28 上午 org.apache.catalina.startup.HostConfig deployWAR
信息: Deploying web application archive C:\Users\Administrator\Desktop\apache-tomcat-7.0.91-windows-x64\apache-tomcat-7.0.91\webapps\arcgis.war
十一月 01, 2018 10:46:28 上午 org.apache.catalina.startup.TldConfig execute
信息: At least one JAR was scanned for TLDs yet contained no TLDs. Enable debug logging for this logger for a complete list of JARs that were scanned but no TLDs were found in them. Skipping unneeded JARs during scanning can improve startup time and JSP compilation time.
十一月 01, 2018 10:46:28 上午 org.apache.catalina.startup.HostConfig deployWAR
信息: Deployment of web application archive C:\Users\Administrator\Desktop\apache-tomcat-7.0.91-windows-x64\apache-tomcat-7.0.91\webapps\arcgis.war has finished in 394 ms
十一月 01, 2018 10:46:28 上午 org.apache.catalina.startup.HostConfig deployDirectory
信息: Deploying web application directory C:\Users\Administrator\Desktop\apache-tomcat-7.0.91-windows-x64\apache-tomcat-7.0.91\webapps\docs
十一月 01, 2018 10:46:28 上午 org.apache.catalina.startup.HostConfig deployDirectory
信息: Deployment of web application directory C:\Users\Administrator\Desktop\apache-tomcat-7.0.91-windows-x64\apache-tomcat-7.0.91\webapps\docs has finished in 33 ms
十一月 01, 2018 10:46:28 上午 org.apache.catalina.startup.HostConfig deployDirectory
信息: Deploying web application directory C:\Users\Administrator\Desktop\apache-tomcat-7.0.91-windows-x64\apache-tomcat-7.0.91\webapps\examples
十一月 01, 2018 10:46:28 上午 org.apache.catalina.startup.HostConfig deployDirectory
信息: Deployment of web application directory C:\Users\Administrator\Desktop\apache-tomcat-7.0.91-windows-x64\apache-tomcat-7.0.91\webapps\examples has finished in 173 ms
十一月 01, 2018 10:46:28 上午 org.apache.catalina.startup.HostConfig deployDirectory
信息: Deploying web application directory C:\Users\Administrator\Desktop\apache-tomcat-7.0.91-windows-x64\apache-tomcat-7.0.91\webapps\host-manager
十一月 01, 2018 10:46:28 上午 org.apache.catalina.startup.HostConfig deployDirectory
信息: Deployment of web application directory C:\Users\Administrator\Desktop\apache-tomcat-7.0.91-windows-x64\apache-tomcat-7.0.91\webapps\host-manager has finished in 39 ms
十一月 01, 2018 10:46:28 上午 org.apache.catalina.startup.HostConfig deployDirectory
信息: Deploying web application directory C:\Users\Administrator\Desktop\apache-tomcat-7.0.91-windows-x64\apache-tomcat-7.0.91\webapps\manager
十一月 01, 2018 10:46:28 上午 org.apache.catalina.startup.HostConfig deployDirectory
信息: Deployment of web application directory C:\Users\Administrator\Desktop\apache-tomcat-7.0.91-windows-x64\apache-tomcat-7.0.91\webapps\manager has finished in 32 ms
十一月 01, 2018 10:46:28 上午 org.apache.catalina.startup.HostConfig deployDirectory
信息: Deploying web application directory C:\Users\Administrator\Desktop\apache-tomcat-7.0.91-windows-x64\apache-tomcat-7.0.91\webapps\ROOT
十一月 01, 2018 10:46:28 上午 org.apache.catalina.startup.HostConfig deployDirectory
信息: Deployment of web application directory C:\Users\Administrator\Desktop\apache-tomcat-7.0.91-windows-x64\apache-tomcat-7.0.91\webapps\ROOT has finished in 24 ms
十一月 01, 2018 10:46:28 上午 org.apache.coyote.AbstractProtocol start
信息: Starting ProtocolHandler ["http-apr-8080"]
十一月 01, 2018 10:46:28 上午 org.apache.coyote.AbstractProtocol start
信息: Starting ProtocolHandler ["ajp-apr-8009"]
十一月 01, 2018 10:46:28 上午 org.apache.catalina.startup.Catalina start
信息: Server startup in 768 ms
十一月 01, 2018 10:47:21 上午 com.esri.arcgis.server.wa.cluster.UpdateServerCacheTask updateServerList
警告: Exception in connecting to http://XLH:6080/arcgis/admin JSONObject["machines"] not found.
十一月 01, 2018 10:48:21 上午 com.esri.arcgis.server.wa.cluster.UpdateServerCacheTask updateServerList
警告: Exception in connecting to http://XLH:6080/arcgis/admin JSONObject["machines"] not found.
十一月 01, 2018 10:49:21 上午 com.esri.arcgis.server.wa.cluster.UpdateServerCacheTask updateServerList
警告: Exception in connecting to http://XLH:6080/arcgis/admin JSONObject["machines"] not found.
十一月 01, 2018 10:50:21 上午 com.esri.arcgis.server.wa.cluster.UpdateServerCacheTask updateServerList
警告: Exception in connecting to http://XLH:6080/arcgis/admin JSONObject["machines"] not found.
十一月 01, 2018 10:50:43 上午 com.esri.arcgis.server.wa.cluster.UpdateServerCacheTask updateServerList
警告: Exception in connecting to http://XLH:6080/arcgis/admin JSONObject["machines"] not found.
十一月 01, 2018 10:51:02 上午 com.esri.arcgis.server.wa.data.AGSWebAdaptorConfig updateConfigFile
信息: Properties file is updated
十一月 01, 2018 10:51:04 上午 com.esri.arcgis.server.wa.cluster.UpdateServerCacheTask updateServerConfig
警告: WebAdaptor is unregistered. Please re-configure.
十一月 01, 2018 10:51:04 上午 com.esri.arcgis.server.wa.data.AGSWebAdaptorConfig reset
信息: Properties file is updated
十一月 01, 2018 10:51:04 上午 com.esri.arcgis.server.wa.data.AGSWebAdaptorConfig updateConfigFile
信息: Properties file is updated
十一月 01, 2018 10:51:04 上午 com.esri.arcgis.server.wa.cluster.UpdateServerCacheTask updateServerList
警告: Exception in connecting to http://localhost:6080/arcgis/admin null
十一月 01, 2018 10:51:04 上午 com.esri.arcgis.server.wa.cluster.UpdateServerCacheTask updateServerConfig
警告: Exception in connecting to http://localhost:6080/arcgis/admin null
十一月 01, 2018 10:51:04 上午 com.esri.arcgis.server.wa.cluster.UpdateServerCacheTask updateServerList
信息: Added Server: XLH to the cluster
十一月 01, 2018 10:51:04 上午 com.esri.arcgis.server.wa.data.AGSWebAdaptorConfig updateConfigFile
信息: Properties file is updated
十一月 01, 2018 10:51:04 上午 com.esri.arcgis.server.wa.data.AGSWebAdaptorConfig updateConfigFile
信息: Properties file is updated
十一月 01, 2018 10:51:57 上午 com.esri.arcgis.server.wa.data.AGSWebAdaptorConfig updateConfigFile
信息: Properties file is updated
