十二月 07, 2018 2:34:43 下午 org.apache.catalina.core.ApplicationContext log
信息: ContextListener: contextInitialized()
十二月 07, 2018 2:34:43 下午 org.apache.catalina.core.ApplicationContext log
信息: SessionListener: contextInitialized()
十二月 07, 2018 2:34:43 下午 org.apache.catalina.core.ApplicationContext log
信息: ContextListener: attributeAdded('StockTicker', 'async.Stockticker@2d8727a6')
十二月 07, 2018 2:34:43 下午 org.apache.catalina.core.ApplicationContext log
信息: ContextListener: attributeAdded('org.apache.jasper.compiler.TldLocationsCache', 'org.apache.jasper.compiler.TldLocationsCache@3bd4432f')
十二月 07, 2018 2:36:56 下午 org.apache.catalina.core.ApplicationContext log
信息: ContextListener: contextInitialized()
十二月 07, 2018 2:36:56 下午 org.apache.catalina.core.ApplicationContext log
信息: SessionListener: contextInitialized()
十二月 07, 2018 2:36:56 下午 org.apache.catalina.core.ApplicationContext log
信息: ContextListener: attributeAdded('StockTicker', 'async.Stockticker@1cb2838f')
十二月 07, 2018 2:36:57 下午 org.apache.catalina.core.ApplicationContext log
信息: ContextListener: attributeAdded('org.apache.jasper.compiler.TldLocationsCache', 'org.apache.jasper.compiler.TldLocationsCache@3ca60d6f')
十二月 07, 2018 2:40:05 下午 org.apache.catalina.core.ApplicationContext log
信息: ContextListener: contextInitialized()
十二月 07, 2018 2:40:05 下午 org.apache.catalina.core.ApplicationContext log
信息: SessionListener: contextInitialized()
十二月 07, 2018 2:40:05 下午 org.apache.catalina.core.ApplicationContext log
信息: ContextListener: attributeAdded('StockTicker', 'async.Stockticker@4cab0601')
十二月 07, 2018 2:40:05 下午 org.apache.catalina.core.ApplicationContext log
信息: ContextListener: attributeAdded('org.apache.jasper.compiler.TldLocationsCache', 'org.apache.jasper.compiler.TldLocationsCache@6e7ec252')
